<?xml version="1.0" encoding="UTF-8"?>
<!-- Generated by org.testng.reporters.JUnitXMLReporter -->
<testsuite ignored="0" hostname="LAPTOP-JL84H6HT" failures="0" tests="3" name="Default test" time="377.562" errors="0" timestamp="2022-11-14T18:44:50 IST">
  <testcase classname="Indyfin_Testcase.Match_Making_from_excell" name="Match_making_Start" time="7.312"/>
  <testcase classname="Indyfin_Testcase.Match_Making_from_excell" name="Lending_Page" time="0.008"/>
  <testcase classname="Indyfin_Testcase.Match_Making_from_excell" name="Match_Advsior" time="370.216"/>
</testsuite> <!-- Default test -->
