<?xml version="1.0" encoding="UTF-8"?>
<!-- Generated by org.testng.reporters.JUnitXMLReporter -->
<testsuite ignored="9" hostname="LAPTOP-JL84H6HT" failures="0" tests="9" name="Advisor_Feedback" time="92.448" errors="0" timestamp="2022-12-19T17:16:56 IST">
  <testcase classname="Indyfin_Testcase.Browser_Launch" name="LaunchApp_URL" time="23.257"/>
  <testcase classname="Indyfin_Testcase.Login" name="EnterLoginDetails" time="2.415"/>
  <testcase classname="Indyfin_Testcase.Login" name="VerifyLogin" time="10.027"/>
  <testcase classname="Indyfin_Testcase.Advisor_Feedback" name="loading_feedback_Page" time="15.179"/>
  <testcase classname="Indyfin_Testcase.Advisor_Feedback" name="All_Clinets_Page" time="5.093"/>
  <testcase classname="Indyfin_Testcase.Advisor_Feedback" name="Add_new_clinet" time="0.595"/>
  <testcase classname="Indyfin_Testcase.Advisor_Feedback" name="Search_And_Update_Client" time="10.351"/>
  <testcase classname="Indyfin_Testcase.Advisor_Feedback" name="Send_Feedback_to_Client" time="8.325"/>
  <testcase classname="Indyfin_Testcase.CloseBrowser" name="CloseAPP" time="16.125"/>
  <testcase classname="Indyfin_Testcase.Login" name="EnterLoginDetails" time="0.0">
    <ignored/>
  </testcase> <!-- EnterLoginDetails -->
  <testcase classname="Indyfin_Testcase.Browser_Launch" name="@BeforeTest BroswerLaunch" time="0.0">
    <ignored/>
  </testcase> <!-- @BeforeTest BroswerLaunch -->
  <testcase classname="Indyfin_Testcase.Browser_Launch" name="@BeforeTest BroswerLaunch" time="0.0">
    <ignored/>
  </testcase> <!-- @BeforeTest BroswerLaunch -->
  <testcase classname="Indyfin_Testcase.Browser_Launch" name="@BeforeTest BroswerLaunch" time="0.0">
    <ignored/>
  </testcase> <!-- @BeforeTest BroswerLaunch -->
  <testcase classname="Indyfin_Testcase.Advisor_Feedback" name="Delete_Client" time="0.0">
    <ignored/>
  </testcase> <!-- Delete_Client -->
  <testcase classname="Indyfin_Testcase.Login" name="VerifyLogin" time="0.0">
    <ignored/>
  </testcase> <!-- VerifyLogin -->
  <testcase classname="Indyfin_Testcase.Browser_Launch" name="LaunchApp_URL" time="0.0">
    <ignored/>
  </testcase> <!-- LaunchApp_URL -->
  <testcase classname="Indyfin_Testcase.Browser_Launch" name="LaunchApp_URL" time="0.0">
    <ignored/>
  </testcase> <!-- LaunchApp_URL -->
  <testcase classname="Indyfin_Testcase.Browser_Launch" name="LaunchApp_URL" time="0.0">
    <ignored/>
  </testcase> <!-- LaunchApp_URL -->
</testsuite> <!-- Advisor_Feedback -->
