<?xml version="1.0" encoding="UTF-8"?>
<!-- Generated by org.testng.reporters.JUnitXMLReporter -->
<testsuite ignored="9" hostname="LAPTOP-JL84H6HT" failures="0" tests="9" name="Advisor_Feedback" time="63.261" errors="0" timestamp="2022-12-19T15:36:46 IST">
  <testcase classname="Indyfin_Testcase.Browser_Lunch" name="LunchApp_URL" time="9.324"/>
  <testcase classname="Indyfin_Testcase.Login" name="EnterLoginDetails" time="2.773"/>
  <testcase classname="Indyfin_Testcase.Login" name="VerifyLogin" time="10.039"/>
  <testcase classname="Indyfin_Testcase.Advisor_Feedback" name="loading_feedback_Page" time="15.222"/>
  <testcase classname="Indyfin_Testcase.Advisor_Feedback" name="All_Clinets_Page" time="5.125"/>
  <testcase classname="Indyfin_Testcase.Advisor_Feedback" name="Add_new_clinet" time="0.914"/>
  <testcase classname="Indyfin_Testcase.Advisor_Feedback" name="Search_And_Update_Client" time="10.433"/>
  <testcase classname="Indyfin_Testcase.Advisor_Feedback" name="Send_Feedback_to_Client" time="5.432"/>
  <testcase classname="Indyfin_Testcase.CloseBrowser" name="CloseAPP" time="1.329"/>
  <testcase classname="Indyfin_Testcase.Login" name="EnterLoginDetails" time="0.0">
    <ignored/>
  </testcase> <!-- EnterLoginDetails -->
  <testcase classname="Indyfin_Testcase.Browser_Lunch" name="LunchApp_URL" time="0.0">
    <ignored/>
  </testcase> <!-- LunchApp_URL -->
  <testcase classname="Indyfin_Testcase.Browser_Lunch" name="LunchApp_URL" time="0.0">
    <ignored/>
  </testcase> <!-- LunchApp_URL -->
  <testcase classname="Indyfin_Testcase.Browser_Lunch" name="LunchApp_URL" time="0.0">
    <ignored/>
  </testcase> <!-- LunchApp_URL -->
  <testcase classname="Indyfin_Testcase.Advisor_Feedback" name="Delete_Client" time="0.0">
    <ignored/>
  </testcase> <!-- Delete_Client -->
  <testcase classname="Indyfin_Testcase.Login" name="VerifyLogin" time="0.0">
    <ignored/>
  </testcase> <!-- VerifyLogin -->
  <testcase classname="Indyfin_Testcase.Browser_Lunch" name="@BeforeTest BroswerLunch" time="0.0">
    <ignored/>
  </testcase> <!-- @BeforeTest BroswerLunch -->
  <testcase classname="Indyfin_Testcase.Browser_Lunch" name="@BeforeTest BroswerLunch" time="0.0">
    <ignored/>
  </testcase> <!-- @BeforeTest BroswerLunch -->
  <testcase classname="Indyfin_Testcase.Browser_Lunch" name="@BeforeTest BroswerLunch" time="0.0">
    <ignored/>
  </testcase> <!-- @BeforeTest BroswerLunch -->
</testsuite> <!-- Advisor_Feedback -->
