<?xml version="1.0" encoding="UTF-8"?>
<!-- Generated by org.testng.reporters.JUnitXMLReporter -->
<testsuite ignored="2" hostname="LAPTOP-JL84H6HT" failures="0" tests="2" name="BrobserLunch" time="13.842" errors="0" timestamp="2022-12-19T15:26:49 IST">
  <testcase classname="Indyfin_Testcase.Browser_Lunch" name="LunchApp_URL" time="10.023"/>
  <testcase classname="Indyfin_Testcase.CloseBrowser" name="CloseAPP" time="0.103"/>
  <testcase classname="Indyfin_Testcase.Browser_Lunch" name="LunchApp_URL" time="0.0">
    <ignored/>
  </testcase> <!-- LunchApp_URL -->
  <testcase classname="Indyfin_Testcase.Browser_Lunch" name="@BeforeTest BroswerLunch" time="0.0">
    <ignored/>
  </testcase> <!-- @BeforeTest BroswerLunch -->
</testsuite> <!-- BrobserLunch -->
