<?xml version="1.0" encoding="UTF-8"?>
<!-- Generated by org.testng.reporters.JUnitXMLReporter -->
<testsuite ignored="2" hostname="LAPTOP-JL84H6HT" failures="0" tests="2" name="BrowserLaunch" time="43.867" errors="0" timestamp="2022-12-19T17:14:48 IST">
  <testcase classname="Indyfin_Testcase.Browser_Launch" name="LaunchApp_URL" time="25.132"/>
  <testcase classname="Indyfin_Testcase.CloseBrowser" name="CloseAPP" time="16.154"/>
  <testcase classname="Indyfin_Testcase.Browser_Launch" name="@BeforeTest BroswerLaunch" time="0.0">
    <ignored/>
  </testcase> <!-- @BeforeTest BroswerLaunch -->
  <testcase classname="Indyfin_Testcase.Browser_Launch" name="LaunchApp_URL" time="0.0">
    <ignored/>
  </testcase> <!-- LaunchApp_URL -->
</testsuite> <!-- BrowserLaunch -->
