<?xml version="1.0" encoding="UTF-8"?>
<!-- Generated by org.testng.reporters.JUnitXMLReporter -->
<testsuite ignored="4" hostname="LAPTOP-JL84H6HT" failures="0" tests="4" name="Login" time="35.81" errors="0" timestamp="2022-12-19T17:15:24 IST">
  <testcase classname="Indyfin_Testcase.Browser_Launch" name="LaunchApp_URL" time="21.355"/>
  <testcase classname="Indyfin_Testcase.Login" name="EnterLoginDetails" time="2.448"/>
  <testcase classname="Indyfin_Testcase.Login" name="VerifyLogin" time="10.044"/>
  <testcase classname="Indyfin_Testcase.CloseBrowser" name="CloseAPP" time="0.755"/>
  <testcase classname="Indyfin_Testcase.Browser_Launch" name="@BeforeTest BroswerLaunch" time="0.0">
    <ignored/>
  </testcase> <!-- @BeforeTest BroswerLaunch -->
  <testcase classname="Indyfin_Testcase.Browser_Launch" name="@BeforeTest BroswerLaunch" time="0.0">
    <ignored/>
  </testcase> <!-- @BeforeTest BroswerLaunch -->
  <testcase classname="Indyfin_Testcase.Browser_Launch" name="LaunchApp_URL" time="0.0">
    <ignored/>
  </testcase> <!-- LaunchApp_URL -->
  <testcase classname="Indyfin_Testcase.Browser_Launch" name="LaunchApp_URL" time="0.0">
    <ignored/>
  </testcase> <!-- LaunchApp_URL -->
</testsuite> <!-- Login -->
