<?xml version="1.0" encoding="UTF-8"?>
<!-- Generated by org.testng.reporters.JUnitXMLReporter -->
<testsuite ignored="4" hostname="LAPTOP-JL84H6HT" failures="0" tests="3" name="Login" time="24.45" errors="0" timestamp="2022-12-19T15:21:49 IST">
  <testcase classname="Indyfin_Testcase.Browser_Lunch" name="LunchApp_URL" time="10.123"/>
  <testcase classname="Indyfin_Testcase.Login" name="EnterLoginDetails" time="2.771"/>
  <testcase classname="Indyfin_Testcase.Login" name="VerifyLogin" time="10.053"/>
  <testcase classname="Indyfin_Testcase.Browser_Lunch" name="LunchApp_URL" time="0.0">
    <ignored/>
  </testcase> <!-- LunchApp_URL -->
  <testcase classname="Indyfin_Testcase.Browser_Lunch" name="LunchApp_URL" time="0.0">
    <ignored/>
  </testcase> <!-- LunchApp_URL -->
  <testcase classname="Indyfin_Testcase.Browser_Lunch" name="@BeforeTest BroswerLunch" time="0.0">
    <ignored/>
  </testcase> <!-- @BeforeTest BroswerLunch -->
  <testcase classname="Indyfin_Testcase.Browser_Lunch" name="@BeforeTest BroswerLunch" time="0.0">
    <ignored/>
  </testcase> <!-- @BeforeTest BroswerLunch -->
</testsuite> <!-- Login -->
