<?xml version="1.0" encoding="UTF-8"?>
<!-- Generated by org.testng.reporters.JUnitXMLReporter -->
<testsuite ignored="8" hostname="LAPTOP-JL84H6HT" failures="0" tests="5" name="ProfileUpdate" time="77.332" errors="0" timestamp="2022-12-19T15:23:07 IST">
  <testcase classname="Indyfin_Testcase.Browser_Lunch" name="LunchApp_URL" time="13.446"/>
  <testcase classname="Indyfin_Testcase.Login" name="EnterLoginDetails" time="2.833"/>
  <testcase classname="Indyfin_Testcase.Login" name="VerifyLogin" time="10.05"/>
  <testcase classname="Indyfin_Testcase.Indyfin_Profile" name="NavigateToProfile" time="5.144"/>
  <testcase classname="Indyfin_Testcase.Indyfin_Profile" name="Update_Profile_data" time="43.773"/>
  <testcase classname="Indyfin_Testcase.Login" name="EnterLoginDetails" time="0.0">
    <ignored/>
  </testcase> <!-- EnterLoginDetails -->
  <testcase classname="Indyfin_Testcase.Browser_Lunch" name="LunchApp_URL" time="0.0">
    <ignored/>
  </testcase> <!-- LunchApp_URL -->
  <testcase classname="Indyfin_Testcase.Browser_Lunch" name="LunchApp_URL" time="0.0">
    <ignored/>
  </testcase> <!-- LunchApp_URL -->
  <testcase classname="Indyfin_Testcase.Browser_Lunch" name="LunchApp_URL" time="0.0">
    <ignored/>
  </testcase> <!-- LunchApp_URL -->
  <testcase classname="Indyfin_Testcase.Login" name="VerifyLogin" time="0.0">
    <ignored/>
  </testcase> <!-- VerifyLogin -->
  <testcase classname="Indyfin_Testcase.Browser_Lunch" name="@BeforeTest BroswerLunch" time="0.0">
    <ignored/>
  </testcase> <!-- @BeforeTest BroswerLunch -->
  <testcase classname="Indyfin_Testcase.Browser_Lunch" name="@BeforeTest BroswerLunch" time="0.0">
    <ignored/>
  </testcase> <!-- @BeforeTest BroswerLunch -->
  <testcase classname="Indyfin_Testcase.Browser_Lunch" name="@BeforeTest BroswerLunch" time="0.0">
    <ignored/>
  </testcase> <!-- @BeforeTest BroswerLunch -->
</testsuite> <!-- ProfileUpdate -->
