<?xml version="1.0" encoding="UTF-8"?>
<!-- Generated by org.testng.reporters.JUnitXMLReporter -->
<testsuite ignored="0" hostname="LAPTOP-JL84H6HT" failures="0" tests="5" name="TestOnChrome" time="24.348" errors="0" timestamp="2022-01-31T10:54:24 IST">
  <testcase classname="Indyfin_Testcase.Home_page" name="Browser_Set_Up" time="11.893"/>
  <testcase classname="Indyfin_Testcase.Home_page" name="RegisterUser" time="2.767"/>
  <testcase classname="Indyfin_Testcase.Home_page" name="login_user" time="5.438"/>
  <testcase classname="Indyfin_Testcase.Home_page" name="Logout" time="3.86"/>
  <testcase classname="Indyfin_Testcase.Home_page" name="Exit" time="0.291"/>
</testsuite> <!-- TestOnChrome -->
