<?xml version="1.0" encoding="UTF-8"?>
<testng-results ignored="6" total="11" passed="4" failed="1" skipped="0">
  <reporter-output>
  </reporter-output>
  <suite started-at="2022-12-14T00:40:10 IST" name="Suite" finished-at="2022-12-14T00:41:20 IST" duration-ms="70366">
    <groups>
    </groups>
    <test started-at="2022-12-14T00:40:10 IST" name="BrobserLunch" finished-at="2022-12-14T00:41:20 IST" duration-ms="70366">
      <class name="Indyfin_Testcase.Login">
        <test-method signature="EnterLoginDetails(java.lang.String,java.lang.String)[pri:0, instance:Indyfin_Testcase.Login@765d7657]" started-at="2022-12-14T00:40:32 IST" name="EnterLoginDetails" finished-at="2022-12-14T00:40:36 IST" duration-ms="3528" status="PASS">
          <params>
            <param index="0">
              <value>
                <![CDATA[quality@indyfin.com]]>
              </value>
            </param>
            <param index="1">
              <value>
                <![CDATA[SuperDuper@1]]>
              </value>
            </param>
          </params>
          <reporter-output>
          </reporter-output>
        </test-method> <!-- EnterLoginDetails -->
        <test-method signature="VerifyLogin()[pri:0, instance:Indyfin_Testcase.Login@765d7657]" started-at="2022-12-14T00:40:36 IST" name="VerifyLogin" finished-at="2022-12-14T00:40:46 IST" duration-ms="10179" status="PASS">
          <reporter-output>
          </reporter-output>
        </test-method> <!-- VerifyLogin -->
      </class> <!-- Indyfin_Testcase.Login -->
      <class name="Indyfin_Testcase.Indyfin_Profile">
        <test-method signature="NavigateToProfile()[pri:0, instance:Indyfin_Testcase.Indyfin_Profile@5e0e82ae]" started-at="2022-12-14T00:40:46 IST" name="NavigateToProfile" finished-at="2022-12-14T00:40:49 IST" duration-ms="3338" status="PASS">
          <reporter-output>
          </reporter-output>
        </test-method> <!-- NavigateToProfile -->
        <test-method signature="Update_Profile_data()[pri:0, instance:Indyfin_Testcase.Indyfin_Profile@5e0e82ae]" started-at="2022-12-14T00:40:49 IST" name="Update_Profile_data" finished-at="2022-12-14T00:41:20 IST" depends-on-methods="Indyfin_Testcase.Indyfin_Profile.NavigateToProfile" duration-ms="30552" status="FAIL">
          <exception class="org.openqa.selenium.ElementClickInterceptedException">
            <message>
              <![CDATA[element click intercepted: Element is not clickable at point (186, -860)
  (Session info: chrome=108.0.5359.99)
Build info: version: '4.1.1', revision: 'e8fcc2cecf'
System info: host: 'LAPTOP-JL84H6HT', ip: '192.168.150.237', os.name: 'Windows 10', os.arch: 'amd64', os.version: '10.0', java.version: '17'
Driver info: org.openqa.selenium.chrome.ChromeDriver
Command: [1de2eb69168dafb17e3486ce70a2d546, clickElement {id=2394853f-cea3-4b16-ba42-b9a0b10b7f21}]
Capabilities {acceptInsecureCerts: false, browserName: chrome, browserVersion: 108.0.5359.99, chrome: {chromedriverVersion: 108.0.5359.71 (1e0e3868ee06..., userDataDir: C:\Users\CL-009\AppData\Loc...}, goog:chromeOptions: {debuggerAddress: localhost:54969}, javascriptEnabled: true, networkConnectionEnabled: false, pageLoadStrategy: normal, platform: WINDOWS, platformName: WINDOWS, proxy: Proxy(), se:cdp: ws://localhost:54969/devtoo..., se:cdpVersion: 108.0.5359.99, setWindowRect: true, strictFileInteractability: false, timeouts: {implicit: 0, pageLoad: 300000, script: 30000}, unhandledPromptBehavior: dismiss and notify, webauthn:extension:credBlob: true, webauthn:extension:largeBlob: true, webauthn:virtualAuthenticators: true}
Element: [[ChromeDriver: chrome on WINDOWS (1de2eb69168dafb17e3486ce70a2d546)] -> id: about_read_more]
Session ID: 1de2eb69168dafb17e3486ce70a2d546]]>
            </message>
            <full-stacktrace>
              <![CDATA[org.openqa.selenium.ElementClickInterceptedException: element click intercepted: Element is not clickable at point (186, -860)
  (Session info: chrome=108.0.5359.99)
Build info: version: '4.1.1', revision: 'e8fcc2cecf'
System info: host: 'LAPTOP-JL84H6HT', ip: '192.168.150.237', os.name: 'Windows 10', os.arch: 'amd64', os.version: '10.0', java.version: '17'
Driver info: org.openqa.selenium.chrome.ChromeDriver
Command: [1de2eb69168dafb17e3486ce70a2d546, clickElement {id=2394853f-cea3-4b16-ba42-b9a0b10b7f21}]
Capabilities {acceptInsecureCerts: false, browserName: chrome, browserVersion: 108.0.5359.99, chrome: {chromedriverVersion: 108.0.5359.71 (1e0e3868ee06..., userDataDir: C:\Users\CL-009\AppData\Loc...}, goog:chromeOptions: {debuggerAddress: localhost:54969}, javascriptEnabled: true, networkConnectionEnabled: false, pageLoadStrategy: normal, platform: WINDOWS, platformName: WINDOWS, proxy: Proxy(), se:cdp: ws://localhost:54969/devtoo..., se:cdpVersion: 108.0.5359.99, setWindowRect: true, strictFileInteractability: false, timeouts: {implicit: 0, pageLoad: 300000, script: 30000}, unhandledPromptBehavior: dismiss and notify, webauthn:extension:credBlob: true, webauthn:extension:largeBlob: true, webauthn:virtualAuthenticators: true}
Element: [[ChromeDriver: chrome on WINDOWS (1de2eb69168dafb17e3486ce70a2d546)] -> id: about_read_more]
Session ID: 1de2eb69168dafb17e3486ce70a2d546
at java.base/jdk.internal.reflect.NativeConstructorAccessorImpl.newInstance0(Native Method)
at java.base/jdk.internal.reflect.NativeConstructorAccessorImpl.newInstance(NativeConstructorAccessorImpl.java:77)
at java.base/jdk.internal.reflect.DelegatingConstructorAccessorImpl.newInstance(DelegatingConstructorAccessorImpl.java:45)
at java.base/java.lang.reflect.Constructor.newInstanceWithCaller(Constructor.java:499)
at java.base/java.lang.reflect.Constructor.newInstance(Constructor.java:480)
at org.openqa.selenium.remote.codec.w3c.W3CHttpResponseCodec.createException(W3CHttpResponseCodec.java:200)
at org.openqa.selenium.remote.codec.w3c.W3CHttpResponseCodec.decode(W3CHttpResponseCodec.java:133)
at org.openqa.selenium.remote.codec.w3c.W3CHttpResponseCodec.decode(W3CHttpResponseCodec.java:53)
at org.openqa.selenium.remote.HttpCommandExecutor.execute(HttpCommandExecutor.java:184)
at org.openqa.selenium.remote.service.DriverCommandExecutor.invokeExecute(DriverCommandExecutor.java:167)
at org.openqa.selenium.remote.service.DriverCommandExecutor.execute(DriverCommandExecutor.java:142)
at org.openqa.selenium.remote.RemoteWebDriver.execute(RemoteWebDriver.java:543)
at org.openqa.selenium.remote.RemoteWebElement.execute(RemoteWebElement.java:251)
at org.openqa.selenium.remote.RemoteWebElement.click(RemoteWebElement.java:77)
at Indyfin_Testcase.Indyfin_Profile.Update_Profile_data(Indyfin_Profile.java:68)
at java.base/jdk.internal.reflect.NativeMethodAccessorImpl.invoke0(Native Method)
at java.base/jdk.internal.reflect.NativeMethodAccessorImpl.invoke(NativeMethodAccessorImpl.java:77)
at java.base/jdk.internal.reflect.DelegatingMethodAccessorImpl.invoke(DelegatingMethodAccessorImpl.java:43)
at java.base/java.lang.reflect.Method.invoke(Method.java:568)
at org.testng.internal.MethodInvocationHelper.invokeMethod(MethodInvocationHelper.java:133)
at org.testng.internal.TestInvoker.invokeMethod(TestInvoker.java:598)
at org.testng.internal.TestInvoker.invokeTestMethod(TestInvoker.java:173)
at org.testng.internal.MethodRunner.runInSequence(MethodRunner.java:46)
at org.testng.internal.TestInvoker$MethodInvocationAgent.invoke(TestInvoker.java:824)
at org.testng.internal.TestInvoker.invokeTestMethods(TestInvoker.java:146)
at org.testng.internal.TestMethodWorker.invokeTestMethods(TestMethodWorker.java:146)
at org.testng.internal.TestMethodWorker.run(TestMethodWorker.java:128)
at java.base/java.util.ArrayList.forEach(ArrayList.java:1511)
at org.testng.TestRunner.privateRun(TestRunner.java:794)
at org.testng.TestRunner.run(TestRunner.java:596)
at org.testng.SuiteRunner.runTest(SuiteRunner.java:377)
at org.testng.SuiteRunner.runSequentially(SuiteRunner.java:371)
at org.testng.SuiteRunner.privateRun(SuiteRunner.java:332)
at org.testng.SuiteRunner.run(SuiteRunner.java:276)
at org.testng.SuiteRunnerWorker.runSuite(SuiteRunnerWorker.java:53)
at org.testng.SuiteRunnerWorker.run(SuiteRunnerWorker.java:96)
at org.testng.TestNG.runSuitesSequentially(TestNG.java:1212)
at org.testng.TestNG.runSuitesLocally(TestNG.java:1134)
at org.testng.TestNG.runSuites(TestNG.java:1063)
at org.testng.TestNG.run(TestNG.java:1031)
at org.testng.remote.AbstractRemoteTestNG.run(AbstractRemoteTestNG.java:115)
at org.testng.remote.RemoteTestNG.initAndRun(RemoteTestNG.java:251)
at org.testng.remote.RemoteTestNG.main(RemoteTestNG.java:77)
]]>
            </full-stacktrace>
          </exception> <!-- org.openqa.selenium.ElementClickInterceptedException -->
          <reporter-output>
          </reporter-output>
        </test-method> <!-- Update_Profile_data -->
      </class> <!-- Indyfin_Testcase.Indyfin_Profile -->
      <class name="Indyfin_Testcase.Browser_Lunch">
        <test-method is-config="true" signature="BroswerLunch(java.lang.String)[pri:0, instance:Indyfin_Testcase.Browser_Lunch@78691363]" started-at="2022-12-14T00:40:10 IST" name="BroswerLunch" finished-at="2022-12-14T00:40:15 IST" duration-ms="5024" status="PASS">
          <params>
            <param index="0">
              <value>
                <![CDATA[Chrome]]>
              </value>
            </param>
          </params>
          <reporter-output>
          </reporter-output>
        </test-method> <!-- BroswerLunch -->
        <test-method signature="LunchApp_URL(java.lang.String)[pri:0, instance:Indyfin_Testcase.Browser_Lunch@78691363]" started-at="2022-12-14T00:40:15 IST" name="LunchApp_URL" finished-at="2022-12-14T00:40:32 IST" duration-ms="17651" status="PASS">
          <params>
            <param index="0">
              <value>
                <![CDATA[https://stage.indyfin.com/#/]]>
              </value>
            </param>
          </params>
          <reporter-output>
          </reporter-output>
        </test-method> <!-- LunchApp_URL -->
      </class> <!-- Indyfin_Testcase.Browser_Lunch -->
    </test> <!-- BrobserLunch -->
  </suite> <!-- Suite -->
</testng-results>
